<?xml version="1.0" encoding="UTF-8"?>
<!-- Generated by org.testng.reporters.JUnitReportReporter -->
<testsuite skipped="0" hostname="LAPTOP-9T6JMJ0J" name="test.TestStaff" tests="1" failures="0" timestamp="08 Jun 2021 17:30:51 GMT" time="127.457" errors="0">
  <testcase name="picture" time="127.457" classname="test.TestStaff"/>
</testsuite> <!-- test.TestStaff -->
