<?xml version="1.0" encoding="UTF-8"?>
<!-- Generated by org.testng.reporters.JUnitReportReporter -->
<testsuite skipped="0" hostname="LAPTOP-9T6JMJ0J" name="test.TestProfil" tests="2" failures="0" timestamp="08 Jun 2021 17:57:32 GMT" time="138.493" errors="0">
  <testcase name="profilSettings2" time="73.176" classname="test.TestProfil"/>
  <testcase name="profilSettings1" time="65.317" classname="test.TestProfil"/>
</testsuite> <!-- test.TestProfil -->
