<?xml version="1.0" encoding="UTF-8"?>
<!-- Generated by org.testng.reporters.JUnitReportReporter -->
<testsuite skipped="0" hostname="LAPTOP-9T6JMJ0J" name="test.TestLogInPage" tests="3" failures="0" timestamp="08 Jun 2021 17:54:53 GMT" time="129.418" errors="0">
  <testcase name="goToLogInPage" time="28.248" classname="test.TestLogInPage"/>
  <testcase name="aboutUs" time="42.919" classname="test.TestLogInPage"/>
  <testcase name="logIn" time="58.251" classname="test.TestLogInPage"/>
</testsuite> <!-- test.TestLogInPage -->
