<?xml version="1.0" encoding="UTF-8"?>
<!-- Generated by org.testng.reporters.JUnitReportReporter -->
<testsuite skipped="0" hostname="LAPTOP-9T6JMJ0J" name="test.TestStaff" tests="1" failures="0" timestamp="07 Jun 2021 18:25:06 GMT" time="154.815" errors="0">
  <testcase name="addEmployees" time="154.815" classname="test.TestStaff"/>
</testsuite> <!-- test.TestStaff -->
