<?xml version="1.0" encoding="UTF-8"?>
<!-- Generated by org.testng.reporters.JUnitReportReporter -->
<testsuite skipped="0" hostname="LAPTOP-9T6JMJ0J" name="test.TestTopMeni" tests="9" failures="0" timestamp="08 Jun 2021 19:20:48 GMT" time="512.135" errors="0">
  <testcase name="dashboard" time="58.909" classname="test.TestTopMeni"/>
  <testcase name="shiftplanning" time="54.806" classname="test.TestTopMeni"/>
  <testcase name="timeClock" time="57.900" classname="test.TestTopMeni"/>
  <testcase name="leaveVacation" time="56.103" classname="test.TestTopMeni"/>
  <testcase name="training" time="56.017" classname="test.TestTopMeni"/>
  <testcase name="staff" time="53.993" classname="test.TestTopMeni"/>
  <testcase name="aviability" time="54.726" classname="test.TestTopMeni"/>
  <testcase name="payroll" time="55.199" classname="test.TestTopMeni"/>
  <testcase name="reports" time="64.482" classname="test.TestTopMeni"/>
</testsuite> <!-- test.TestTopMeni -->
