<?xml version="1.0" encoding="UTF-8"?>
<!-- Generated by org.testng.reporters.JUnitReportReporter -->
<testsuite skipped="0" hostname="LAPTOP-9T6JMJ0J" name="test.TestTopMeni" tests="9" failures="0" timestamp="06 Jun 2021 20:11:58 GMT" time="189.406" errors="0">
  <testcase name="dashboard" time="20.150" classname="test.TestTopMeni"/>
  <testcase name="shiftplanning" time="23.511" classname="test.TestTopMeni"/>
  <testcase name="timeClock" time="19.799" classname="test.TestTopMeni"/>
  <testcase name="leaveVacation" time="20.373" classname="test.TestTopMeni"/>
  <testcase name="training" time="20.138" classname="test.TestTopMeni"/>
  <testcase name="staff" time="22.690" classname="test.TestTopMeni"/>
  <testcase name="aviability" time="20.540" classname="test.TestTopMeni"/>
  <testcase name="payroll" time="22.272" classname="test.TestTopMeni"/>
  <testcase name="reports" time="19.933" classname="test.TestTopMeni"/>
</testsuite> <!-- test.TestTopMeni -->
