<?xml version="1.0" encoding="UTF-8"?>
<!-- Generated by org.testng.reporters.JUnitReportReporter -->
<testsuite skipped="0" hostname="LAPTOP-9T6JMJ0J" name="test.TestLogInPage" tests="3" failures="0" timestamp="08 Jun 2021 15:55:47 GMT" time="53.129" errors="0">
  <testcase name="goToLogInPage" time="12.304" classname="test.TestLogInPage"/>
  <testcase name="aboutUs" time="16.812" classname="test.TestLogInPage"/>
  <testcase name="logIn" time="24.013" classname="test.TestLogInPage"/>
</testsuite> <!-- test.TestLogInPage -->
