<?xml version="1.0" encoding="UTF-8"?>
<!-- Generated by org.testng.reporters.JUnitReportReporter -->
<testsuite skipped="0" hostname="LAPTOP-9T6JMJ0J" name="test.TestSettings" tests="2" failures="0" timestamp="08 Jun 2021 18:00:40 GMT" time="126.740" errors="0">
  <testcase name="language" time="65.006" classname="test.TestSettings"/>
  <testcase name="chackNotificationStatus" time="61.734" classname="test.TestSettings"/>
</testsuite> <!-- test.TestSettings -->
