<?xml version="1.0" encoding="UTF-8"?>
<!-- Generated by org.testng.reporters.JUnitReportReporter -->
<testsuite skipped="0" hostname="LAPTOP-9T6JMJ0J" name="test.TestStaff" tests="4" failures="0" timestamp="08 Jun 2021 18:24:55 GMT" time="469.268" errors="0">
  <testcase name="picture" time="110.712" classname="test.TestStaff"/>
  <testcase name="addEmployees" time="175.969" classname="test.TestStaff"/>
  <testcase name="addEmployee" time="70.088" classname="test.TestStaff"/>
  <testcase name="renameEmployee" time="112.499" classname="test.TestStaff"/>
</testsuite> <!-- test.TestStaff -->
